Base path: 'C:/Program Files/Unity/Hub/Editor/2019.2.6f1/Editor/Data', plugins path 'C:/Program Files/Unity/Hub/Editor/2019.2.6f1/Editor/Data/PlaybackEngines'
Cmd: initializeCompiler
Cmd: preprocessCompute
  insize=154853 outsize=154853 ok=0
Cmd: preprocessCompute
  insize=12703 outsize=12733 ok=1
Cmd: compileComputeKernel
  api=4 insize=12733 outsize=1476 ok=1
Cmd: compileComputeKernel
  api=4 insize=12733 outsize=1103 ok=1
Cmd: compileComputeKernel
  api=4 insize=12733 outsize=1564 ok=1
Cmd: compileComputeKernel
  api=4 insize=12733 outsize=2118 ok=1
Cmd: compileComputeKernel
  api=4 insize=12733 outsize=2022 ok=1
Cmd: compileComputeKernel
  api=4 insize=12733 outsize=1689 ok=1
Cmd: compileComputeKernel
  api=4 insize=12733 outsize=1194 ok=1
Cmd: compileComputeKernel
  api=4 insize=12733 outsize=1170 ok=1
Cmd: compileComputeKernel
  api=4 insize=12733 outsize=1349 ok=1
Cmd: preprocessCompute
  insize=65736 outsize=65748 ok=1
Cmd: compileComputeKernel
  api=4 insize=65748 outsize=12478 ok=1
Cmd: preprocessCompute
  insize=4617 outsize=4631 ok=1
Cmd: compileComputeKernel
  api=4 insize=4631 outsize=1831 ok=1
Cmd: compileComputeKernel
  api=4 insize=4631 outsize=2271 ok=1
Cmd: preprocessCompute
  insize=24243 outsize=24259 ok=1
Cmd: compileComputeKernel
  api=4 insize=24259 outsize=2627 ok=1
Cmd: compileComputeKernel
  api=4 insize=24259 outsize=9502 ok=1
Cmd: compileComputeKernel
  api=4 insize=24259 outsize=5548 ok=1
Cmd: preprocessCompute
  insize=3049 outsize=3051 ok=1
Cmd: compileComputeKernel
  api=4 insize=3051 outsize=226 ok=1
Cmd: preprocessCompute
  insize=14344 outsize=14344 ok=0
Cmd: preprocessCompute
  insize=28345 outsize=28420 ok=1
Cmd: compileComputeKernel
  api=4 insize=28420 outsize=2895 ok=1
Cmd: compileComputeKernel
  api=4 insize=28420 outsize=2062 ok=1
Cmd: compileComputeKernel
  api=4 insize=28420 outsize=1309 ok=1
Cmd: compileComputeKernel
  api=4 insize=28420 outsize=1616 ok=1
Cmd: compileComputeKernel
  api=4 insize=28420 outsize=1344 ok=1
Cmd: compileComputeKernel
  api=4 insize=28420 outsize=1762 ok=1
Cmd: compileComputeKernel
  api=4 insize=28420 outsize=1831 ok=1
Cmd: compileComputeKernel
  api=4 insize=28420 outsize=1831 ok=1
Cmd: compileComputeKernel
  api=4 insize=28420 outsize=1326 ok=1
Cmd: compileComputeKernel
  api=4 insize=28420 outsize=2226 ok=1
Cmd: preprocessCompute
  insize=5593 outsize=5593 ok=0
Cmd: preprocessCompute
  insize=1880 outsize=1882 ok=1
Cmd: compileComputeKernel
  api=4 insize=1882 outsize=3102 ok=1
Cmd: preprocessCompute
  insize=21101 outsize=21203 ok=1
Cmd: compileComputeKernel
  api=4 insize=21203 outsize=709 ok=1
Cmd: compileComputeKernel
  api=4 insize=21203 outsize=849 ok=1
Cmd: compileComputeKernel
  api=4 insize=21203 outsize=863 ok=1
Cmd: compileComputeKernel
  api=4 insize=21203 outsize=839 ok=1
Cmd: compileComputeKernel
  api=4 insize=21203 outsize=696 ok=1
Cmd: compileComputeKernel
  api=4 insize=21203 outsize=1257 ok=1
Cmd: compileComputeKernel
  api=4 insize=21203 outsize=1306 ok=1
Cmd: compileComputeKernel
  api=4 insize=21203 outsize=1449 ok=1
Cmd: compileComputeKernel
  api=4 insize=21203 outsize=1354 ok=1
Cmd: compileComputeKernel
  api=4 insize=21203 outsize=1368 ok=1
Cmd: compileComputeKernel
  api=4 insize=21203 outsize=1450 ok=1
Cmd: compileComputeKernel
  api=4 insize=21203 outsize=1344 ok=1
Cmd: compileComputeKernel
  api=4 insize=21203 outsize=1273 ok=1
Cmd: compileComputeKernel
  api=4 insize=21203 outsize=1296 ok=1
Cmd: compileComputeKernel
  api=4 insize=21203 outsize=1699 ok=1
